#
# There is insufficient memory for the Java Runtime Environment to continue.
# Native memory allocation (malloc) failed to allocate 1048576 bytes for AllocateHeap
# Possible reasons:
#   The system is out of physical RAM or swap space
#   In 32 bit mode, the process size limit was hit
# Possible solutions:
#   Reduce memory load on the system
#   Increase physical memory or swap space
#   Check if swap backing store is full
#   Use 64 bit Java on a 64 bit OS
#   Decrease Java heap size (-Xmx/-Xms)
#   Decrease number of Java threads
#   Decrease Java thread stack sizes (-Xss)
#   Set larger code cache with -XX:ReservedCodeCacheSize=
# This output file may be truncated or incomplete.
#
#  Out of Memory Error (memory/allocation.inline.hpp:61), pid=10648, tid=0x0000000000003198
#
# JRE version:  (8.0_111-b14) (build )
# Java VM: Java HotSpot(TM) 64-Bit Server VM (25.111-b14 mixed mode windows-amd64 compressed oops)
# Failed to write core dump. Minidumps are not enabled by default on client versions of Windows
#

---------------  T H R E A D  ---------------

Current thread (0x0000000003030800):  JavaThread "Unknown thread" [_thread_in_vm, id=12696, stack(0x0000000002f30000,0x0000000003030000)]

Stack: [0x0000000002f30000,0x0000000003030000]
[error occurred during error reporting (printing stack bounds), id 0xc0000005]

Native frames: (J=compiled Java code, j=interpreted, Vv=VM code, C=native code)


---------------  P R O C E S S  ---------------

Java Threads: ( => current thread )

Other Threads:

=>0x0000000003030800 (exited) JavaThread "Unknown thread" [_thread_in_vm, id=12696, stack(0x0000000002f30000,0x0000000003030000)]

VM state:not at safepoint (normal execution)

VM Mutex/Monitor currently owned by a thread: None

Heap:
 PSYoungGen      total 38400K, used 665K [0x00000000d5f80000, 0x00000000d8a00000, 0x0000000100000000)
  eden space 33280K, 2% used [0x00000000d5f80000,0x00000000d6026670,0x00000000d8000000)
  from space 5120K, 0% used [0x00000000d8500000,0x00000000d8500000,0x00000000d8a00000)
  to   space 5120K, 0% used [0x00000000d8000000,0x00000000d8000000,0x00000000d8500000)
 ParOldGen       total 87552K, used 0K [0x0000000081e00000, 0x0000000087380000, 0x00000000d5f80000)
  object space 87552K, 0% used [0x0000000081e00000,0x0000000081e00000,0x0000000087380000)
 Metaspace       used 770K, capacity 4480K, committed 4480K, reserved 1056768K
  class space    used 75K, capacity 384K, committed 384K, reserved 1048576K

Card table byte_map: [0x00000000124f0000,0x00000000128f0000] byte_map_base: 0x00000000120e1000

Marking Bits: (ParMarkBitMap*) 0x000000005560a6c0
 Begin Bits: [0x0000000012fa0000, 0x0000000014f28000)
 End Bits:   [0x0000000014f28000, 0x0000000016eb0000)

Polling page: 0x0000000001540000

CodeCache: size=245760Kb used=328Kb max_used=328Kb free=245431Kb
 bounds [0x0000000003130000, 0x00000000033a0000, 0x0000000012130000]
 total_blobs=58 nmethods=0 adapters=38
 compilation: enabled

Compilation events (0 events):
No events

GC Heap History (0 events):
No events

Deoptimization events (0 events):
No events

Internal exceptions (0 events):
No events

Events (10 events):
Event: 0.067 loading class java/lang/Short
Event: 0.067 loading class java/lang/Short done
Event: 0.067 loading class java/lang/Integer
Event: 0.067 loading class java/lang/Integer done
Event: 0.067 loading class java/lang/Long
Event: 0.067 loading class java/lang/Long done
Event: 0.070 loading class java/lang/NullPointerException
Event: 0.070 loading class java/lang/NullPointerException done
Event: 0.070 loading class java/lang/ArithmeticException
Event: 0.070 loading class java/lang/ArithmeticException done


Dynamic libraries:
0x00007ff7cf830000 - 0x00007ff7cf867000 	C:\Program Files\Java\jdk1.8.0_111\bin\java.exe
0x00007ffd993f0000 - 0x00007ffd99604000 	C:\WINDOWS\SYSTEM32\ntdll.dll
0x00007ffd990f0000 - 0x00007ffd991b3000 	C:\WINDOWS\System32\KERNEL32.DLL
0x00007ffd96c70000 - 0x00007ffd9700c000 	C:\WINDOWS\System32\KERNELBASE.dll
0x00007ffd98f70000 - 0x00007ffd9901e000 	C:\WINDOWS\System32\ADVAPI32.dll
0x00007ffd97590000 - 0x00007ffd97637000 	C:\WINDOWS\System32\msvcrt.dll
0x00007ffd98ce0000 - 0x00007ffd98d84000 	C:\WINDOWS\System32\sechost.dll
0x00007ffd981b0000 - 0x00007ffd982c5000 	C:\WINDOWS\System32\RPCRT4.dll
0x00007ffd98000000 - 0x00007ffd981ad000 	C:\WINDOWS\System32\USER32.dll
0x00007ffd971d0000 - 0x00007ffd971f6000 	C:\WINDOWS\System32\win32u.dll
0x00007ffd99380000 - 0x00007ffd993a9000 	C:\WINDOWS\System32\GDI32.dll
0x00007ffd970b0000 - 0x00007ffd971c3000 	C:\WINDOWS\System32\gdi32full.dll
0x00007ffd97010000 - 0x00007ffd970aa000 	C:\WINDOWS\System32\msvcp_win.dll
0x00007ffd968b0000 - 0x00007ffd969c1000 	C:\WINDOWS\System32\ucrtbase.dll
0x00007ffd83020000 - 0x00007ffd832ae000 	C:\WINDOWS\WinSxS\amd64_microsoft.windows.common-controls_6595b64144ccf1df_6.0.22621.608_none_a9444ca7c10bb01d\COMCTL32.dll
0x00007ffd98880000 - 0x00007ffd988b1000 	C:\WINDOWS\System32\IMM32.DLL
0x0000000054d10000 - 0x0000000054de2000 	C:\Program Files\Java\jdk1.8.0_111\jre\bin\msvcr100.dll
0x0000000054df0000 - 0x000000005568a000 	C:\Program Files\Java\jdk1.8.0_111\jre\bin\server\jvm.dll
0x00007ffd98870000 - 0x00007ffd98878000 	C:\WINDOWS\System32\PSAPI.DLL
0x00007ffd88dc0000 - 0x00007ffd88dc9000 	C:\WINDOWS\SYSTEM32\WSOCK32.dll
0x00007ffd7fb10000 - 0x00007ffd7fb44000 	C:\WINDOWS\SYSTEM32\WINMM.dll
0x00007ffd98d90000 - 0x00007ffd98e01000 	C:\WINDOWS\System32\WS2_32.dll
0x00007ffd904f0000 - 0x00007ffd904fa000 	C:\WINDOWS\SYSTEM32\VERSION.dll
0x0000000054cc0000 - 0x0000000054ccf000 	C:\Program Files\Java\jdk1.8.0_111\jre\bin\verify.dll
0x0000000054c90000 - 0x0000000054cb9000 	C:\Program Files\Java\jdk1.8.0_111\jre\bin\java.dll
0x0000000054c70000 - 0x0000000054c86000 	C:\Program Files\Java\jdk1.8.0_111\jre\bin\zip.dll

VM Arguments:
jvm_args: -Dfile.encoding=UTF-8 
java_command: viaje_carretera.Viaje_Carretera
java_class_path (initial): C:\Users\loren\OneDrive\Escritorio\DDS\1. Laboratorio I\TP\4. OBLIGATORIO  VIAJE EN RUTA\Viaje_Carretera\build\classes
Launcher Type: SUN_STANDARD

Environment Variables:
JAVA_HOME=C:\Program Files\Java\jdk1.8.0_111
PATH=C:\ProgramData\Oracle\Java\javapath;C:\WINDOWS\system32;C:\WINDOWS;C:\WINDOWS\System32\Wbem;C:\WINDOWS\System32\WindowsPowerShell\v1.0\;C:\WINDOWS\System32\OpenSSH\;%JAVA_HOME%\bin;C:\Program Files\Git\cmd;C:\w64devkit\bin;C:\Users\loren\AppData\Local\Programs\Microsoft VS Code\bin
USERNAME=loren
OS=Windows_NT
PROCESSOR_IDENTIFIER=Intel64 Family 6 Model 158 Stepping 11, GenuineIntel



---------------  S Y S T E M  ---------------

OS: Windows 10.0 , 64 bit Build 22621 (10.0.22621.1344)

CPU:total 4 (4 cores per cpu, 1 threads per core) family 6 model 158 stepping 11, cmov, cx8, fxsr, mmx, sse, sse2, sse3, ssse3, sse4.1, sse4.2, popcnt, avx, avx2, aes, clmul, erms, 3dnowpref, lzcnt, tsc, tscinvbit, bmi1, bmi2, adx

Memory: 4k page, physical 8257688k(545140k free), swap 22730800k(5600k free)

vm_info: Java HotSpot(TM) 64-Bit Server VM (25.111-b14) for windows-amd64 JRE (1.8.0_111-b14), built on Sep 22 2016 19:24:05 by "java_re" with MS VC++ 10.0 (VS2010)

time: Fri Mar 31 19:07:05 2023
elapsed time: 0 seconds (0d 0h 0m 0s)

